[0515/072035.146:ERROR:process_memory_win.cc(73)] ReadMemory at 0x7ff67c6b0000 of 64 bytes failed: Only part of a ReadProcessMemory or WriteProcessMemory request was completed. (0x12B)
[0515/072036.048:WARNING:pe_image_reader.cc(340)] could not read dos header from C:\Program Files (x86)\Google\Chrome\Application\chrome.exe
[0515/072036.048:ERROR:process_memory_win.cc(73)] ReadMemory at 0x7ffb26990000 of 64 bytes failed: Only part of a ReadProcessMemory or WriteProcessMemory request was completed. (0x12B)
[0515/072036.048:WARNING:pe_image_reader.cc(340)] could not read dos header from C:\WINDOWS\SYSTEM32\ntdll.dll
[0515/072036.048:ERROR:process_memory_win.cc(73)] ReadMemory at 0x7ffb25550000 of 64 bytes failed: Only part of a ReadProcessMemory or WriteProcessMemory request was completed. (0x12B)
[0515/072036.049:WARNING:pe_image_reader.cc(340)] could not read dos header from C:\WINDOWS\System32\KERNEL32.DLL
[0515/072036.051:ERROR:process_memory_win.cc(73)] ReadMemory at 0x7ffb234a0000 of 64 bytes failed: Only part of a ReadProcessMemory or WriteProcessMemory request was completed. (0x12B)
[0515/072036.051:WARNING:pe_image_reader.cc(340)] could not read dos header from C:\WINDOWS\System32\KERNELBASE.dll
[0515/072036.051:ERROR:process_memory_win.cc(73)] ReadMemory at 0x7ffb20430000 of 64 bytes failed: Only part of a ReadProcessMemory or WriteProcessMemory request was completed. (0x12B)
[0515/072036.051:WARNING:pe_image_reader.cc(340)] could not read dos header from C:\WINDOWS\SYSTEM32\apphelp.dll
[0515/072036.051:ERROR:process_memory_win.cc(73)] ReadMemory at 0x7ffb24060000 of 64 bytes failed: Only part of a ReadProcessMemory or WriteProcessMemory request was completed. (0x12B)
[0515/072036.051:WARNING:pe_image_reader.cc(340)] could not read dos header from C:\WINDOWS\System32\SHELL32.dll
[0515/072036.052:ERROR:process_memory_win.cc(73)] ReadMemory at 0x7ffb25f80000 of 64 bytes failed: Only part of a ReadProcessMemory or WriteProcessMemory request was completed. (0x12B)
[0515/072036.052:WARNING:pe_image_reader.cc(340)] could not read dos header from C:\WINDOWS\System32\msvcrt.dll
[0515/072036.052:ERROR:process_memory_win.cc(73)] ReadMemory at 0x7ffb23ab0000 of 64 bytes failed: Only part of a ReadProcessMemory or WriteProcessMemory request was completed. (0x12B)
[0515/072036.052:WARNING:pe_image_reader.cc(340)] could not read dos header from C:\WINDOWS\System32\cfgmgr32.dll
[0515/072036.052:ERROR:process_memory_win.cc(73)] ReadMemory at 0x7ffb23930000 of 64 bytes failed: Only part of a ReadProcessMemory or WriteProcessMemory request was completed. (0x12B)
[0515/072036.052:WARNING:pe_image_reader.cc(340)] could not read dos header from C:\WINDOWS\System32\ucrtbase.dll
[0515/072036.052:ERROR:process_memory_win.cc(73)] ReadMemory at 0x7ffb25870000 of 64 bytes failed: Only part of a ReadProcessMemory or WriteProcessMemory request was completed. (0x12B)
[0515/072036.052:WARNING:pe_image_reader.cc(340)] could not read dos header from C:\WINDOWS\System32\shcore.dll
[0515/072036.052:ERROR:process_memory_win.cc(73)] ReadMemory at 0x7ffb26830000 of 64 bytes failed: Only part of a ReadProcessMemory or WriteProcessMemory request was completed. (0x12B)
[0515/072036.052:WARNING:pe_image_reader.cc(340)] could not read dos header from C:\WINDOWS\System32\RPCRT4.dll
[0515/072036.053:ERROR:process_memory_win.cc(73)] ReadMemory at 0x7ffb25920000 of 64 bytes failed: Only part of a ReadProcessMemory or WriteProcessMemory request was completed. (0x12B)
[0515/072036.053:WARNING:pe_image_reader.cc(340)] could not read dos header from C:\WINDOWS\System32\combase.dll
[0515/072036.053:ERROR:process_memory_win.cc(73)] ReadMemory at 0x7ffb23a30000 of 64 bytes failed: Only part of a ReadProcessMemory or WriteProcessMemory request was completed. (0x12B)
[0515/072036.053:WARNING:pe_image_reader.cc(340)] could not read dos header from C:\WINDOWS\System32\bcryptPrimitives.dll
[0515/072036.053:ERROR:process_memory_win.cc(73)] ReadMemory at 0x7ffb22a60000 of 64 bytes failed: Only part of a ReadProcessMemory or WriteProcessMemory request was completed. (0x12B)
[0515/072036.054:WARNING:pe_image_reader.cc(340)] could not read dos header from C:\WINDOWS\System32\windows.storage.dll
[0515/072036.054:ERROR:process_memory_win.cc(73)] ReadMemory at 0x7ffb23b20000 of 64 bytes failed: Only part of a ReadProcessMemory or WriteProcessMemory request was completed. (0x12B)
[0515/072036.054:WARNING:pe_image_reader.cc(340)] could not read dos header from C:\WINDOWS\System32\msvcp_win.dll
[0515/072036.054:ERROR:process_memory_win.cc(73)] ReadMemory at 0x7ffb25c60000 of 64 bytes failed: Only part of a ReadProcessMemory or WriteProcessMemory request was completed. (0x12B)
[0515/072036.054:WARNING:pe_image_reader.cc(340)] could not read dos header from C:\WINDOWS\System32\sechost.dll
[0515/072036.054:ERROR:process_memory_win.cc(73)] ReadMemory at 0x7ffb25630000 of 64 bytes failed: Only part of a ReadProcessMemory or WriteProcessMemory request was completed. (0x12B)
[0515/072036.054:WARNING:pe_image_reader.cc(340)] could not read dos header from C:\WINDOWS\System32\advapi32.dll
[0515/072036.054:ERROR:process_memory_win.cc(73)] ReadMemory at 0x7ffb229b0000 of 64 bytes failed: Only part of a ReadProcessMemory or WriteProcessMemory request was completed. (0x12B)
[0515/072036.054:WARNING:pe_image_reader.cc(340)] could not read dos header from C:\WINDOWS\System32\profapi.dll
[0515/072036.055:ERROR:process_memory_win.cc(73)] ReadMemory at 0x7ffb229e0000 of 64 bytes failed: Only part of a ReadProcessMemory or WriteProcessMemory request was completed. (0x12B)
[0515/072036.055:WARNING:pe_image_reader.cc(340)] could not read dos header from C:\WINDOWS\System32\powrprof.dll
[0515/072036.055:ERROR:process_memory_win.cc(73)] ReadMemory at 0x7ffb25f20000 of 64 bytes failed: Only part of a ReadProcessMemory or WriteProcessMemory request was completed. (0x12B)
[0515/072036.055:WARNING:pe_image_reader.cc(340)] could not read dos header from C:\WINDOWS\System32\shlwapi.dll
[0515/072036.055:ERROR:process_memory_win.cc(73)] ReadMemory at 0x7ffb25ef0000 of 64 bytes failed: Only part of a ReadProcessMemory or WriteProcessMemory request was completed. (0x12B)
[0515/072036.055:WARNING:pe_image_reader.cc(340)] could not read dos header from C:\WINDOWS\System32\GDI32.dll
[0515/072036.055:ERROR:process_memory_win.cc(73)] ReadMemory at 0x7ffb23740000 of 64 bytes failed: Only part of a ReadProcessMemory or WriteProcessMemory request was completed. (0x12B)
[0515/072036.055:WARNING:pe_image_reader.cc(340)] could not read dos header from C:\WINDOWS\System32\gdi32full.dll
[0515/072036.055:ERROR:process_memory_win.cc(73)] ReadMemory at 0x7ffb264f0000 of 64 bytes failed: Only part of a ReadProcessMemory or WriteProcessMemory request was completed. (0x12B)
[0515/072036.055:WARNING:pe_image_reader.cc(340)] could not read dos header from C:\WINDOWS\System32\USER32.dll
[0515/072036.056:ERROR:process_memory_win.cc(73)] ReadMemory at 0x7ffb23910000 of 64 bytes failed: Only part of a ReadProcessMemory or WriteProcessMemory request was completed. (0x12B)
[0515/072036.056:WARNING:pe_image_reader.cc(340)] could not read dos header from C:\WINDOWS\System32\win32u.dll
[0515/072036.056:ERROR:process_memory_win.cc(73)] ReadMemory at 0x7ffb22990000 of 64 bytes failed: Only part of a ReadProcessMemory or WriteProcessMemory request was completed. (0x12B)
[0515/072036.056:WARNING:pe_image_reader.cc(340)] could not read dos header from C:\WINDOWS\System32\kernel.appcore.dll
[0515/072036.056:ERROR:process_memory_win.cc(73)] ReadMemory at 0x7ffb23b00000 of 64 bytes failed: Only part of a ReadProcessMemory or WriteProcessMemory request was completed. (0x12B)
[0515/072036.056:WARNING:pe_image_reader.cc(340)] could not read dos header from C:\WINDOWS\System32\cryptsp.dll
[0515/072036.056:ERROR:process_memory_win.cc(73)] ReadMemory at 0x7ffb090e0000 of 64 bytes failed: Only part of a ReadProcessMemory or WriteProcessMemory request was completed. (0x12B)
[0515/072036.056:WARNING:pe_image_reader.cc(340)] could not read dos header from C:\Program Files (x86)\Google\Chrome\Application\74.0.3729.131\chrome_elf.dll
[0515/072036.056:ERROR:process_memory_win.cc(73)] ReadMemory at 0x7ffb16420000 of 64 bytes failed: Only part of a ReadProcessMemory or WriteProcessMemory request was completed. (0x12B)
[0515/072036.057:WARNING:pe_image_reader.cc(340)] could not read dos header from C:\WINDOWS\SYSTEM32\VERSION.dll
[0515/072036.057:ERROR:process_memory_win.cc(73)] ReadMemory at 0x7ffb1fdb0000 of 64 bytes failed: Only part of a ReadProcessMemory or WriteProcessMemory request was completed. (0x12B)
[0515/072036.057:WARNING:pe_image_reader.cc(340)] could not read dos header from C:\WINDOWS\SYSTEM32\WINMM.dll
[0515/072036.057:ERROR:process_memory_win.cc(73)] ReadMemory at 0x7ffb22890000 of 64 bytes failed: Only part of a ReadProcessMemory or WriteProcessMemory request was completed. (0x12B)
[0515/072036.057:WARNING:pe_image_reader.cc(340)] could not read dos header from C:\WINDOWS\SYSTEM32\USERENV.dll
[0515/072036.058:ERROR:process_memory_win.cc(73)] ReadMemory at 0x7ffb1fd80000 of 64 bytes failed: Only part of a ReadProcessMemory or WriteProcessMemory request was completed. (0x12B)
[0515/072036.058:WARNING:pe_image_reader.cc(340)] could not read dos header from C:\WINDOWS\SYSTEM32\WINMMBASE.dll
[0515/072036.058:ERROR:process_memory_win.cc(73)] ReadMemory at 0x7ffb22380000 of 64 bytes failed: Only part of a ReadProcessMemory or WriteProcessMemory request was completed. (0x12B)
[0515/072036.058:WARNING:pe_image_reader.cc(340)] could not read dos header from C:\WINDOWS\SYSTEM32\CRYPTBASE.DLL
[0515/072036.058:ERROR:process_memory_win.cc(73)] ReadMemory at 0x7ffb260d0000 of 64 bytes failed: Only part of a ReadProcessMemory or WriteProcessMemory request was completed. (0x12B)
[0515/072036.058:WARNING:pe_image_reader.cc(340)] could not read dos header from C:\WINDOWS\System32\IMM32.DLL
[0515/072036.058:ERROR:process_memory_win.cc(73)] ReadMemory at 0x7ffae3a40000 of 64 bytes failed: Only part of a ReadProcessMemory or WriteProcessMemory request was completed. (0x12B)
[0515/072036.058:WARNING:pe_image_reader.cc(340)] could not read dos header from C:\Program Files (x86)\Google\Chrome\Application\74.0.3729.131\chrome_child.dll
[0515/072036.058:ERROR:process_memory_win.cc(73)] ReadMemory at 0x2522f460000 of 64 bytes failed: Only part of a ReadProcessMemory or WriteProcessMemory request was completed. (0x12B)
[0515/072036.058:WARNING:pe_image_reader.cc(340)] could not read dos header from C:\WINDOWS\System32\WS2_32.dll
[0515/072036.059:ERROR:process_memory_win.cc(73)] ReadMemory at 0x7ffb26100000 of 64 bytes failed: Only part of a ReadProcessMemory or WriteProcessMemory request was completed. (0x12B)
[0515/072036.059:WARNING:pe_image_reader.cc(340)] could not read dos header from C:\WINDOWS\System32\ole32.dll
[0515/072036.060:ERROR:process_memory_win.cc(73)] ReadMemory at 0x7ffb26700000 of 64 bytes failed: Only part of a ReadProcessMemory or WriteProcessMemory request was completed. (0x12B)
[0515/072036.060:WARNING:pe_image_reader.cc(340)] could not read dos header from C:\WINDOWS\System32\OLEAUT32.dll
[0515/072036.060:ERROR:process_memory_win.cc(73)] ReadMemory at 0x7ffb231b0000 of 64 bytes failed: Only part of a ReadProcessMemory or WriteProcessMemory request was completed. (0x12B)
[0515/072036.060:WARNING:pe_image_reader.cc(340)] could not read dos header from C:\WINDOWS\System32\WINTRUST.dll
[0515/072036.060:ERROR:process_memory_win.cc(73)] ReadMemory at 0x7ffb22a40000 of 64 bytes failed: Only part of a ReadProcessMemory or WriteProcessMemory request was completed. (0x12B)
[0515/072036.060:WARNING:pe_image_reader.cc(340)] could not read dos header from C:\WINDOWS\System32\MSASN1.dll
[0515/072036.060:ERROR:process_memory_win.cc(73)] ReadMemory at 0x7ffb232c0000 of 64 bytes failed: Only part of a ReadProcessMemory or WriteProcessMemory request was completed. (0x12B)
[0515/072036.060:WARNING:pe_image_reader.cc(340)] could not read dos header from C:\WINDOWS\System32\CRYPT32.dll
[0515/072036.061:ERROR:process_memory_win.cc(73)] ReadMemory at 0x7ffb256e0000 of 64 bytes failed: Only part of a ReadProcessMemory or WriteProcessMemory request was completed. (0x12B)
[0515/072036.061:WARNING:pe_image_reader.cc(340)] could not read dos header from C:\WINDOWS\System32\COMDLG32.dll
[0515/072036.061:ERROR:process_memory_win.cc(73)] ReadMemory at 0x7ffb21f10000 of 64 bytes failed: Only part of a ReadProcessMemory or WriteProcessMemory request was completed. (0x12B)
[0515/072036.061:WARNING:pe_image_reader.cc(340)] could not read dos header from C:\WINDOWS\SYSTEM32\IPHLPAPI.DLL
[0515/072036.061:ERROR:process_memory_win.cc(73)] ReadMemory at 0x7ffb00470000 of 64 bytes failed: Only part of a ReadProcessMemory or WriteProcessMemory request was completed. (0x12B)
[0515/072036.061:WARNING:pe_image_reader.cc(340)] could not read dos header from C:\WINDOWS\SYSTEM32\OLEACC.dll
[0515/072036.061:ERROR:process_memory_win.cc(73)] ReadMemory at 0x7ffb07bd0000 of 64 bytes failed: Only part of a ReadProcessMemory or WriteProcessMemory request was completed. (0x12B)
[0515/072036.062:WARNING:pe_image_reader.cc(340)] could not read dos header from C:\WINDOWS\SYSTEM32\UIAutomationCore.DLL
[0515/072036.062:ERROR:process_memory_win.cc(73)] ReadMemory at 0x7ffb20a80000 of 64 bytes failed: Only part of a ReadProcessMemory or WriteProcessMemory request was completed. (0x12B)
[0515/072036.062:WARNING:pe_image_reader.cc(340)] could not read dos header from C:\WINDOWS\SYSTEM32\WTSAPI32.dll
[0515/072036.062:ERROR:process_memory_win.cc(73)] ReadMemory at 0x7ffb174d0000 of 64 bytes failed: Only part of a ReadProcessMemory or WriteProcessMemory request was completed. (0x12B)
[0515/072036.062:WARNING:pe_image_reader.cc(340)] could not read dos header from C:\WINDOWS\SYSTEM32\DWrite.dll
[0515/072036.062:ERROR:process_memory_win.cc(73)] ReadMemory at 0x7ffb21710000 of 64 bytes failed: Only part of a ReadProcessMemory or WriteProcessMemory request was completed. (0x12B)
[0515/072036.062:WARNING:pe_image_reader.cc(340)] could not read dos header from C:\WINDOWS\SYSTEM32\dxgi.dll
[0515/072036.063:ERROR:process_memory_win.cc(73)] ReadMemory at 0x7ffafeb80000 of 64 bytes failed: Only part of a ReadProcessMemory or WriteProcessMemory request was completed. (0x12B)
[0515/072036.063:WARNING:pe_image_reader.cc(340)] could not read dos header from C:\WINDOWS\SYSTEM32\WINSPOOL.DRV
[0515/072036.063:ERROR:process_memory_win.cc(73)] ReadMemory at 0x7ffb238e0000 of 64 bytes failed: Only part of a ReadProcessMemory or WriteProcessMemory request was completed. (0x12B)
[0515/072036.063:WARNING:pe_image_reader.cc(340)] could not read dos header from C:\WINDOWS\System32\bcrypt.dll
[0515/072036.063:ERROR:process_memory_win.cc(73)] ReadMemory at 0x7ffb213a0000 of 64 bytes failed: Only part of a ReadProcessMemory or WriteProcessMemory request was completed. (0x12B)
[0515/072036.064:WARNING:pe_image_reader.cc(340)] could not read dos header from C:\WINDOWS\SYSTEM32\dbghelp.dll
[0515/072036.064:ERROR:process_memory_win.cc(73)] ReadMemory at 0x7ffb13e40000 of 64 bytes failed: Only part of a ReadProcessMemory or WriteProcessMemory request was completed. (0x12B)
[0515/072036.064:WARNING:pe_image_reader.cc(340)] could not read dos header from C:\WINDOWS\WinSxS\amd64_microsoft.windows.common-controls_6595b64144ccf1df_6.0.17763.379_none_05b83be8071c94a1\COMCTL32.dll
[0515/072036.064:ERROR:process_memory_win.cc(73)] ReadMemory at 0x7ffb091f0000 of 64 bytes failed: Only part of a ReadProcessMemory or WriteProcessMemory request was completed. (0x12B)
[0515/072036.064:WARNING:pe_image_reader.cc(340)] could not read dos header from C:\WINDOWS\SYSTEM32\USP10.dll
[0515/072036.064:ERROR:process_memory_win.cc(73)] ReadMemory at 0x7ffb15440000 of 64 bytes failed: Only part of a ReadProcessMemory or WriteProcessMemory request was completed. (0x12B)
[0515/072036.064:WARNING:pe_image_reader.cc(340)] could not read dos header from C:\WINDOWS\SYSTEM32\WINHTTP.dll
[0515/072036.064:ERROR:process_memory_win.cc(73)] ReadMemory at 0x7ffb178b0000 of 64 bytes failed: Only part of a ReadProcessMemory or WriteProcessMemory request was completed. (0x12B)
[0515/072036.064:WARNING:pe_image_reader.cc(340)] could not read dos header from C:\WINDOWS\SYSTEM32\urlmon.dll
[0515/072036.064:ERROR:process_memory_win.cc(73)] ReadMemory at 0x7ffb14bd0000 of 64 bytes failed: Only part of a ReadProcessMemory or WriteProcessMemory request was completed. (0x12B)
[0515/072036.065:WARNING:pe_image_reader.cc(340)] could not read dos header from C:\WINDOWS\SYSTEM32\Secur32.dll
[0515/072036.065:ERROR:process_memory_win.cc(73)] ReadMemory at 0x7ffb17a90000 of 64 bytes failed: Only part of a ReadProcessMemory or WriteProcessMemory request was completed. (0x12B)
[0515/072036.065:WARNING:pe_image_reader.cc(340)] could not read dos header from C:\WINDOWS\SYSTEM32\dhcpcsvc.DLL
[0515/072036.065:ERROR:process_memory_win.cc(73)] ReadMemory at 0x7ffb25c50000 of 64 bytes failed: Only part of a ReadProcessMemory or WriteProcessMemory request was completed. (0x12B)
[0515/072036.065:WARNING:pe_image_reader.cc(340)] could not read dos header from C:\WINDOWS\System32\NSI.dll
[0515/072036.065:ERROR:process_memory_win.cc(73)] ReadMemory at 0x7ffb19440000 of 64 bytes failed: Only part of a ReadProcessMemory or WriteProcessMemory request was completed. (0x12B)
[0515/072036.065:WARNING:pe_image_reader.cc(340)] could not read dos header from C:\WINDOWS\SYSTEM32\Bcp47Langs.dll
[0515/072036.065:ERROR:process_memory_win.cc(73)] ReadMemory at 0x7ffb20f70000 of 64 bytes failed: Only part of a ReadProcessMemory or WriteProcessMemory request was completed. (0x12B)
[0515/072036.066:WARNING:pe_image_reader.cc(340)] could not read dos header from C:\WINDOWS\SYSTEM32\PROPSYS.dll
[0515/072036.066:ERROR:process_memory_win.cc(73)] ReadMemory at 0x7ffb17c80000 of 64 bytes failed: Only part of a ReadProcessMemory or WriteProcessMemory request was completed. (0x12B)
[0515/072036.066:WARNING:pe_image_reader.cc(340)] could not read dos header from C:\WINDOWS\SYSTEM32\iertutil.dll
[0515/072036.066:ERROR:process_memory_win.cc(73)] ReadMemory at 0x7ffb228c0000 of 64 bytes failed: Only part of a ReadProcessMemory or WriteProcessMemory request was completed. (0x12B)
[0515/072036.066:WARNING:pe_image_reader.cc(340)] could not read dos header from C:\WINDOWS\SYSTEM32\SSPICLI.DLL
[0515/072036.313:ERROR:process_memory_win.cc(73)] ReadMemory at 0xe253dfb000 of 20480 bytes failed: Only part of a ReadProcessMemory or WriteProcessMemory request was completed. (0x12B)
[0515/072036.313:ERROR:process_memory_win.cc(73)] ReadMemory at 0xe253ffe000 of 8192 bytes failed: Only part of a ReadProcessMemory or WriteProcessMemory request was completed. (0x12B)
[0515/072036.313:ERROR:process_memory_win.cc(73)] ReadMemory at 0xe253b37000 of 852 bytes failed: Only part of a ReadProcessMemory or WriteProcessMemory request was completed. (0x12B)
[0515/072036.314:ERROR:process_memory_win.cc(73)] ReadMemory at 0xe253b38000 of 6024 bytes failed: Only part of a ReadProcessMemory or WriteProcessMemory request was completed. (0x12B)
[0515/072036.315:ERROR:process_memory_win.cc(73)] ReadMemory at 0xe253b3a000 of 6024 bytes failed: Only part of a ReadProcessMemory or WriteProcessMemory request was completed. (0x12B)
[0515/072036.315:ERROR:process_memory_win.cc(73)] ReadMemory at 0x2522f290fe0 of 3800 bytes failed: Only part of a ReadProcessMemory or WriteProcessMemory request was completed. (0x12B)
[0515/072036.315:ERROR:process_memory_win.cc(73)] ReadMemory at 0x2522f291ec0 of 1012 bytes failed: Only part of a ReadProcessMemory or WriteProcessMemory request was completed. (0x12B)
[0515/072036.315:ERROR:process_memory_win.cc(73)] ReadMemory at 0x2522f2924e8 of 118 bytes failed: Only part of a ReadProcessMemory or WriteProcessMemory request was completed. (0x12B)
[0515/072036.316:ERROR:process_memory_win.cc(73)] ReadMemory at 0x2522f292560 of 934 bytes failed: Only part of a ReadProcessMemory or WriteProcessMemory request was completed. (0x12B)
[0515/072036.316:ERROR:process_memory_win.cc(73)] ReadMemory at 0x2522f292908 of 118 bytes failed: Only part of a ReadProcessMemory or WriteProcessMemory request was completed. (0x12B)
[0515/072036.316:ERROR:process_memory_win.cc(73)] ReadMemory at 0x2522f292980 of 96 bytes failed: Only part of a ReadProcessMemory or WriteProcessMemory request was completed. (0x12B)
[0515/072036.316:ERROR:process_memory_win.cc(73)] ReadMemory at 0x2522f2929f0 of 58 bytes failed: Only part of a ReadProcessMemory or WriteProcessMemory request was completed. (0x12B)
[0515/072036.317:ERROR:process_memory_win.cc(73)] ReadMemory at 0x2522f292af0 of 132 bytes failed: Only part of a ReadProcessMemory or WriteProcessMemory request was completed. (0x12B)
[0515/072036.317:ERROR:process_memory_win.cc(73)] ReadMemory at 0x2522f292c80 of 132 bytes failed: Only part of a ReadProcessMemory or WriteProcessMemory request was completed. (0x12B)
[0515/072036.317:ERROR:process_memory_win.cc(73)] ReadMemory at 0x2522f292e40 of 126 bytes failed: Only part of a ReadProcessMemory or WriteProcessMemory request was completed. (0x12B)
[0515/072036.317:ERROR:process_memory_win.cc(73)] ReadMemory at 0x2522f293220 of 132 bytes failed: Only part of a ReadProcessMemory or WriteProcessMemory request was completed. (0x12B)
[0515/072036.318:ERROR:process_memory_win.cc(73)] ReadMemory at 0x2522f2933b0 of 64 bytes failed: Only part of a ReadProcessMemory or WriteProcessMemory request was completed. (0x12B)
[0515/072036.318:ERROR:process_memory_win.cc(73)] ReadMemory at 0x2522f293510 of 132 bytes failed: Only part of a ReadProcessMemory or WriteProcessMemory request was completed. (0x12B)
[0515/072036.318:ERROR:process_memory_win.cc(73)] ReadMemory at 0x2522f2936a0 of 62 bytes failed: Only part of a ReadProcessMemory or WriteProcessMemory request was completed. (0x12B)
[0515/072036.318:ERROR:process_memory_win.cc(73)] ReadMemory at 0x2522f293810 of 132 bytes failed: Only part of a ReadProcessMemory or WriteProcessMemory request was completed. (0x12B)
[0515/072036.319:ERROR:process_memory_win.cc(73)] ReadMemory at 0x2522f2939a0 of 68 bytes failed: Only part of a ReadProcessMemory or WriteProcessMemory request was completed. (0x12B)
[0515/072036.319:ERROR:process_memory_win.cc(73)] ReadMemory at 0x2522f297b10 of 132 bytes failed: Only part of a ReadProcessMemory or WriteProcessMemory request was completed. (0x12B)
[0515/072036.487:ERROR:process_memory_win.cc(73)] ReadMemory at 0x2522f297d50 of 132 bytes failed: Only part of a ReadProcessMemory or WriteProcessMemory request was completed. (0x12B)
[0515/072036.488:ERROR:process_memory_win.cc(73)] ReadMemory at 0x2522f297ee0 of 62 bytes failed: Only part of a ReadProcessMemory or WriteProcessMemory request was completed. (0x12B)
[0515/072036.488:ERROR:process_memory_win.cc(73)] ReadMemory at 0x2522f299660 of 132 bytes failed: Only part of a ReadProcessMemory or WriteProcessMemory request was completed. (0x12B)
[0515/072036.488:ERROR:process_memory_win.cc(73)] ReadMemory at 0x2522f2997f0 of 60 bytes failed: Only part of a ReadProcessMemory or WriteProcessMemory request was completed. (0x12B)
[0515/072036.489:ERROR:process_memory_win.cc(73)] ReadMemory at 0x2522f299840 of 158 bytes failed: Only part of a ReadProcessMemory or WriteProcessMemory request was completed. (0x12B)
[0515/072036.489:ERROR:process_memory_win.cc(73)] ReadMemory at 0x2522f299a40 of 132 bytes failed: Only part of a ReadProcessMemory or WriteProcessMemory request was completed. (0x12B)
[0515/072036.489:ERROR:process_memory_win.cc(73)] ReadMemory at 0x2522f299bd0 of 64 bytes failed: Only part of a ReadProcessMemory or WriteProcessMemory request was completed. (0x12B)
[0515/072036.489:ERROR:process_memory_win.cc(73)] ReadMemory at 0x2522f299e50 of 132 bytes failed: Only part of a ReadProcessMemory or WriteProcessMemory request was completed. (0x12B)
[0515/072036.489:ERROR:process_memory_win.cc(73)] ReadMemory at 0x2522f299fe0 of 64 bytes failed: Only part of a ReadProcessMemory or WriteProcessMemory request was completed. (0x12B)
[0515/072036.490:ERROR:process_memory_win.cc(73)] ReadMemory at 0x2522f29a240 of 132 bytes failed: Only part of a ReadProcessMemory or WriteProcessMemory request was completed. (0x12B)
[0515/072036.490:ERROR:process_memory_win.cc(73)] ReadMemory at 0x2522f29a3d0 of 60 bytes failed: Only part of a ReadProcessMemory or WriteProcessMemory request was completed. (0x12B)
[0515/072036.490:ERROR:process_memory_win.cc(73)] ReadMemory at 0x2522f29a6e0 of 132 bytes failed: Only part of a ReadProcessMemory or WriteProcessMemory request was completed. (0x12B)
[0515/072036.490:ERROR:process_memory_win.cc(73)] ReadMemory at 0x2522f29a870 of 60 bytes failed: Only part of a ReadProcessMemory or WriteProcessMemory request was completed. (0x12B)
[0515/072036.490:ERROR:process_memory_win.cc(73)] ReadMemory at 0x2522f29aab0 of 132 bytes failed: Only part of a ReadProcessMemory or WriteProcessMemory request was completed. (0x12B)
[0515/072036.491:ERROR:process_memory_win.cc(73)] ReadMemory at 0x2522f29ac40 of 62 bytes failed: Only part of a ReadProcessMemory or WriteProcessMemory request was completed. (0x12B)
[0515/072036.491:ERROR:process_memory_win.cc(73)] ReadMemory at 0x2522f29d3f0 of 132 bytes failed: Only part of a ReadProcessMemory or WriteProcessMemory request was completed. (0x12B)
[0515/072036.491:ERROR:process_memory_win.cc(73)] ReadMemory at 0x2522f29d930 of 76 bytes failed: Only part of a ReadProcessMemory or WriteProcessMemory request was completed. (0x12B)
[0515/072036.492:ERROR:process_memory_win.cc(73)] ReadMemory at 0x2522f29d9f0 of 78 bytes failed: Only part of a ReadProcessMemory or WriteProcessMemory request was completed. (0x12B)
[0515/072036.492:ERROR:process_memory_win.cc(73)] ReadMemory at 0x2522f29da50 of 80 bytes failed: Only part of a ReadProcessMemory or WriteProcessMemory request was completed. (0x12B)
[0515/072036.492:ERROR:process_memory_win.cc(73)] ReadMemory at 0x2522f29e2f0 of 132 bytes failed: Only part of a ReadProcessMemory or WriteProcessMemory request was completed. (0x12B)
[0515/072036.492:ERROR:process_memory_win.cc(73)] ReadMemory at 0x2522f29ec30 of 132 bytes failed: Only part of a ReadProcessMemory or WriteProcessMemory request was completed. (0x12B)
[0515/072036.492:ERROR:process_memory_win.cc(73)] ReadMemory at 0x2522f29ed60 of 66 bytes failed: Only part of a ReadProcessMemory or WriteProcessMemory request was completed. (0x12B)
[0515/072036.493:ERROR:process_memory_win.cc(73)] ReadMemory at 0x2522f29efa0 of 132 bytes failed: Only part of a ReadProcessMemory or WriteProcessMemory request was completed. (0x12B)
[0515/072036.493:ERROR:process_memory_win.cc(73)] ReadMemory at 0x2522f29f120 of 66 bytes failed: Only part of a ReadProcessMemory or WriteProcessMemory request was completed. (0x12B)
[0515/072036.493:ERROR:process_memory_win.cc(73)] ReadMemory at 0x2522f29f170 of 60 bytes failed: Only part of a ReadProcessMemory or WriteProcessMemory request was completed. (0x12B)
[0515/072036.493:ERROR:process_memory_win.cc(73)] ReadMemory at 0x2522f29f1c0 of 62 bytes failed: Only part of a ReadProcessMemory or WriteProcessMemory request was completed. (0x12B)
[0515/072036.494:ERROR:process_memory_win.cc(73)] ReadMemory at 0x2522f29f260 of 58 bytes failed: Only part of a ReadProcessMemory or WriteProcessMemory request was completed. (0x12B)
[0515/072036.494:ERROR:process_memory_win.cc(73)] ReadMemory at 0x2522f29f300 of 64 bytes failed: Only part of a ReadProcessMemory or WriteProcessMemory request was completed. (0x12B)
[0515/072036.494:ERROR:process_memory_win.cc(73)] ReadMemory at 0x2522f29f440 of 62 bytes failed: Only part of a ReadProcessMemory or WriteProcessMemory request was completed. (0x12B)
[0515/072036.495:ERROR:process_memory_win.cc(73)] ReadMemory at 0x2522f29f490 of 62 bytes failed: Only part of a ReadProcessMemory or WriteProcessMemory request was completed. (0x12B)
[0515/072036.495:ERROR:process_memory_win.cc(73)] ReadMemory at 0x2522f29f580 of 62 bytes failed: Only part of a ReadProcessMemory or WriteProcessMemory request was completed. (0x12B)
[0515/072036.495:ERROR:process_memory_win.cc(73)] ReadMemory at 0x2522f29f5d0 of 62 bytes failed: Only part of a ReadProcessMemory or WriteProcessMemory request was completed. (0x12B)
[0515/072036.495:ERROR:process_memory_win.cc(73)] ReadMemory at 0x2522f29f670 of 66 bytes failed: Only part of a ReadProcessMemory or WriteProcessMemory request was completed. (0x12B)
[0515/072036.495:ERROR:process_memory_win.cc(73)] ReadMemory at 0x2522f29f6c0 of 64 bytes failed: Only part of a ReadProcessMemory or WriteProcessMemory request was completed. (0x12B)
[0515/072036.496:ERROR:process_memory_win.cc(73)] ReadMemory at 0x2522f29f710 of 62 bytes failed: Only part of a ReadProcessMemory or WriteProcessMemory request was completed. (0x12B)
[0515/072036.496:ERROR:process_memory_win.cc(73)] ReadMemory at 0x2522f29f760 of 60 bytes failed: Only part of a ReadProcessMemory or WriteProcessMemory request was completed. (0x12B)
[0515/072036.496:ERROR:process_memory_win.cc(73)] ReadMemory at 0x2522f29f850 of 58 bytes failed: Only part of a ReadProcessMemory or WriteProcessMemory request was completed. (0x12B)
[0515/072036.496:ERROR:process_memory_win.cc(73)] ReadMemory at 0x2522f2a0a40 of 132 bytes failed: Only part of a ReadProcessMemory or WriteProcessMemory request was completed. (0x12B)
[0515/072036.497:ERROR:process_memory_win.cc(73)] ReadMemory at 0x2522f2a0b70 of 132 bytes failed: Only part of a ReadProcessMemory or WriteProcessMemory request was completed. (0x12B)
[0515/072036.497:ERROR:process_memory_win.cc(73)] ReadMemory at 0x2522f2a0ca0 of 132 bytes failed: Only part of a ReadProcessMemory or WriteProcessMemory request was completed. (0x12B)
[0515/072036.497:ERROR:process_memory_win.cc(73)] ReadMemory at 0x2522f2a0dd0 of 132 bytes failed: Only part of a ReadProcessMemory or WriteProcessMemory request was completed. (0x12B)
[0515/072036.498:ERROR:process_memory_win.cc(73)] ReadMemory at 0x2522f2a0f00 of 132 bytes failed: Only part of a ReadProcessMemory or WriteProcessMemory request was completed. (0x12B)
[0515/072036.498:ERROR:process_memory_win.cc(73)] ReadMemory at 0x2522f2a1030 of 132 bytes failed: Only part of a ReadProcessMemory or WriteProcessMemory request was completed. (0x12B)
[0515/072036.498:ERROR:process_memory_win.cc(73)] ReadMemory at 0x2522f2a1160 of 132 bytes failed: Only part of a ReadProcessMemory or WriteProcessMemory request was completed. (0x12B)
[0515/072036.498:ERROR:process_memory_win.cc(73)] ReadMemory at 0x2522f2a1290 of 132 bytes failed: Only part of a ReadProcessMemory or WriteProcessMemory request was completed. (0x12B)
[0515/072036.498:ERROR:process_memory_win.cc(73)] ReadMemory at 0x2522f2a13c0 of 132 bytes failed: Only part of a ReadProcessMemory or WriteProcessMemory request was completed. (0x12B)
[0515/072036.499:ERROR:process_memory_win.cc(73)] ReadMemory at 0x2522f2a14f0 of 132 bytes failed: Only part of a ReadProcessMemory or WriteProcessMemory request was completed. (0x12B)
[0515/072036.499:ERROR:process_memory_win.cc(73)] ReadMemory at 0x2522f2a1620 of 132 bytes failed: Only part of a ReadProcessMemory or WriteProcessMemory request was completed. (0x12B)
[0515/072036.499:ERROR:process_memory_win.cc(73)] ReadMemory at 0x2522f2a1750 of 132 bytes failed: Only part of a ReadProcessMemory or WriteProcessMemory request was completed. (0x12B)
[0515/072036.499:ERROR:process_memory_win.cc(73)] ReadMemory at 0x2522f2a1880 of 132 bytes failed: Only part of a ReadProcessMemory or WriteProcessMemory request was completed. (0x12B)
[0515/072036.500:ERROR:process_memory_win.cc(73)] ReadMemory at 0x2522f2a30b0 of 154 bytes failed: Only part of a ReadProcessMemory or WriteProcessMemory request was completed. (0x12B)
[0515/072036.500:ERROR:process_memory_win.cc(73)] ReadMemory at 0x2522f2a3a90 of 132 bytes failed: Only part of a ReadProcessMemory or WriteProcessMemory request was completed. (0x12B)
[0515/072036.500:ERROR:process_memory_win.cc(73)] ReadMemory at 0x2522f2a3bc0 of 132 bytes failed: Only part of a ReadProcessMemory or WriteProcessMemory request was completed. (0x12B)
[0515/072036.500:ERROR:process_memory_win.cc(73)] ReadMemory at 0x2522f2a3cf0 of 132 bytes failed: Only part of a ReadProcessMemory or WriteProcessMemory request was completed. (0x12B)
[0515/072036.500:ERROR:process_memory_win.cc(73)] ReadMemory at 0x2522f2a3e20 of 132 bytes failed: Only part of a ReadProcessMemory or WriteProcessMemory request was completed. (0x12B)
[0515/072036.501:ERROR:process_memory_win.cc(73)] ReadMemory at 0x2522f2a3f50 of 132 bytes failed: Only part of a ReadProcessMemory or WriteProcessMemory request was completed. (0x12B)
[0515/072036.501:ERROR:process_memory_win.cc(73)] ReadMemory at 0x2522f2a4080 of 132 bytes failed: Only part of a ReadProcessMemory or WriteProcessMemory request was completed. (0x12B)
[0515/072036.502:ERROR:process_memory_win.cc(73)] ReadMemory at 0x2522f2a41b0 of 132 bytes failed: Only part of a ReadProcessMemory or WriteProcessMemory request was completed. (0x12B)
[0515/072036.502:ERROR:process_memory_win.cc(73)] ReadMemory at 0x2522f2a42e0 of 132 bytes failed: Only part of a ReadProcessMemory or WriteProcessMemory request was completed. (0x12B)
[0515/072036.502:ERROR:process_memory_win.cc(73)] ReadMemory at 0x2522f2a4540 of 132 bytes failed: Only part of a ReadProcessMemory or WriteProcessMemory request was completed. (0x12B)
[0515/072036.502:ERROR:process_memory_win.cc(73)] ReadMemory at 0x2522f2a4670 of 132 bytes failed: Only part of a ReadProcessMemory or WriteProcessMemory request was completed. (0x12B)
[0515/072036.503:ERROR:process_memory_win.cc(73)] ReadMemory at 0x2522f2a47a0 of 132 bytes failed: Only part of a ReadProcessMemory or WriteProcessMemory request was completed. (0x12B)
[0515/072036.503:ERROR:process_memory_win.cc(73)] ReadMemory at 0x2522f2a48d0 of 132 bytes failed: Only part of a ReadProcessMemory or WriteProcessMemory request was completed. (0x12B)
[0515/072036.503:ERROR:process_memory_win.cc(73)] ReadMemory at 0x2522f2a4a00 of 132 bytes failed: Only part of a ReadProcessMemory or WriteProcessMemory request was completed. (0x12B)
[0515/072036.503:ERROR:process_memory_win.cc(73)] ReadMemory at 0x2522f2a4b30 of 132 bytes failed: Only part of a ReadProcessMemory or WriteProcessMemory request was completed. (0x12B)
[0515/072036.503:ERROR:process_memory_win.cc(73)] ReadMemory at 0x2522f2a4c60 of 132 bytes failed: Only part of a ReadProcessMemory or WriteProcessMemory request was completed. (0x12B)
[0515/072036.504:ERROR:process_memory_win.cc(73)] ReadMemory at 0x2522f2a4d90 of 132 bytes failed: Only part of a ReadProcessMemory or WriteProcessMemory request was completed. (0x12B)
[0515/072036.504:ERROR:process_memory_win.cc(73)] ReadMemory at 0x2522f2a4ec0 of 132 bytes failed: Only part of a ReadProcessMemory or WriteProcessMemory request was completed. (0x12B)
[0515/072036.504:ERROR:process_memory_win.cc(73)] ReadMemory at 0x2522f2a4ff0 of 132 bytes failed: Only part of a ReadProcessMemory or WriteProcessMemory request was completed. (0x12B)
[0515/072036.505:ERROR:process_memory_win.cc(73)] ReadMemory at 0x2522f2a5120 of 132 bytes failed: Only part of a ReadProcessMemory or WriteProcessMemory request was completed. (0x12B)
[0515/072036.505:ERROR:process_memory_win.cc(73)] ReadMemory at 0x2522f2a5250 of 132 bytes failed: Only part of a ReadProcessMemory or WriteProcessMemory request was completed. (0x12B)
[0515/072036.505:ERROR:process_memory_win.cc(73)] ReadMemory at 0x2522f2a5380 of 132 bytes failed: Only part of a ReadProcessMemory or WriteProcessMemory request was completed. (0x12B)
[0515/072036.505:ERROR:process_memory_win.cc(73)] ReadMemory at 0x2522f2a54b0 of 132 bytes failed: Only part of a ReadProcessMemory or WriteProcessMemory request was completed. (0x12B)
[0515/072036.525:ERROR:process_memory_win.cc(73)] ReadMemory at 0x2522f2a55e0 of 132 bytes failed: Only part of a ReadProcessMemory or WriteProcessMemory request was completed. (0x12B)
[0515/072036.525:ERROR:process_memory_win.cc(73)] ReadMemory at 0x2522f2a5710 of 132 bytes failed: Only part of a ReadProcessMemory or WriteProcessMemory request was completed. (0x12B)
[0515/072036.526:ERROR:process_memory_win.cc(73)] ReadMemory at 0x2522f2a5840 of 132 bytes failed: Only part of a ReadProcessMemory or WriteProcessMemory request was completed. (0x12B)
[0515/072036.526:ERROR:process_memory_win.cc(73)] ReadMemory at 0x2522f2a6ff0 of 80 bytes failed: Only part of a ReadProcessMemory or WriteProcessMemory request was completed. (0x12B)
[0515/072036.526:ERROR:process_memory_win.cc(73)] ReadMemory at 0x2522f2a78d0 of 66 bytes failed: Only part of a ReadProcessMemory or WriteProcessMemory request was completed. (0x12B)
[0515/072036.526:ERROR:process_memory_win.cc(73)] ReadMemory at 0x2522f2a7920 of 58 bytes failed: Only part of a ReadProcessMemory or WriteProcessMemory request was completed. (0x12B)
[0515/072036.527:ERROR:process_memory_win.cc(73)] ReadMemory at 0x2522f2b2610 of 54 bytes failed: Only part of a ReadProcessMemory or WriteProcessMemory request was completed. (0x12B)
[0515/072036.527:ERROR:process_memory_win.cc(73)] ReadMemory at 0x2522f2b6e10 of 60 bytes failed: Only part of a ReadProcessMemory or WriteProcessMemory request was completed. (0x12B)
[0515/072036.527:ERROR:process_memory_win.cc(73)] ReadMemory at 0x2522f2b6f00 of 64 bytes failed: Only part of a ReadProcessMemory or WriteProcessMemory request was completed. (0x12B)
[0515/072036.527:ERROR:process_memory_win.cc(73)] ReadMemory at 0x2522f2b7040 of 60 bytes failed: Only part of a ReadProcessMemory or WriteProcessMemory request was completed. (0x12B)
[0515/072036.528:ERROR:process_memory_win.cc(73)] ReadMemory at 0x2522f2b7090 of 64 bytes failed: Only part of a ReadProcessMemory or WriteProcessMemory request was completed. (0x12B)
[0515/072036.528:ERROR:process_memory_win.cc(73)] ReadMemory at 0x2522f2b72c0 of 62 bytes failed: Only part of a ReadProcessMemory or WriteProcessMemory request was completed. (0x12B)
[0515/072036.528:ERROR:process_memory_win.cc(73)] ReadMemory at 0x2522f2b7310 of 68 bytes failed: Only part of a ReadProcessMemory or WriteProcessMemory request was completed. (0x12B)
[0515/072036.528:ERROR:process_memory_win.cc(73)] ReadMemory at 0x2522f2b7450 of 58 bytes failed: Only part of a ReadProcessMemory or WriteProcessMemory request was completed. (0x12B)
[0515/072036.529:ERROR:process_memory_win.cc(73)] ReadMemory at 0x2522f2b74a0 of 60 bytes failed: Only part of a ReadProcessMemory or WriteProcessMemory request was completed. (0x12B)
[0515/072036.529:ERROR:process_memory_win.cc(73)] ReadMemory at 0x2522f2b7590 of 64 bytes failed: Only part of a ReadProcessMemory or WriteProcessMemory request was completed. (0x12B)
[0515/072036.529:ERROR:process_memory_win.cc(73)] ReadMemory at 0x2522f2b7680 of 58 bytes failed: Only part of a ReadProcessMemory or WriteProcessMemory request was completed. (0x12B)
[0515/072036.529:ERROR:process_memory_win.cc(73)] ReadMemory at 0x2522f2b76d0 of 64 bytes failed: Only part of a ReadProcessMemory or WriteProcessMemory request was completed. (0x12B)
[0515/072036.529:ERROR:process_memory_win.cc(73)] ReadMemory at 0x2522f2b77c0 of 62 bytes failed: Only part of a ReadProcessMemory or WriteProcessMemory request was completed. (0x12B)
[0515/072036.530:ERROR:process_memory_win.cc(73)] ReadMemory at 0x2522f2b7810 of 60 bytes failed: Only part of a ReadProcessMemory or WriteProcessMemory request was completed. (0x12B)
[0515/072036.530:ERROR:process_memory_win.cc(73)] ReadMemory at 0x2522f2b7900 of 62 bytes failed: Only part of a ReadProcessMemory or WriteProcessMemory request was completed. (0x12B)
[0515/072036.531:ERROR:process_memory_win.cc(73)] ReadMemory at 0x2522f2b7950 of 60 bytes failed: Only part of a ReadProcessMemory or WriteProcessMemory request was completed. (0x12B)
[0515/072036.532:ERROR:process_memory_win.cc(73)] ReadMemory at 0x2522f2b79a0 of 62 bytes failed: Only part of a ReadProcessMemory or WriteProcessMemory request was completed. (0x12B)
[0515/072036.532:ERROR:process_memory_win.cc(73)] ReadMemory at 0x2522f2b7a90 of 64 bytes failed: Only part of a ReadProcessMemory or WriteProcessMemory request was completed. (0x12B)
[0515/072036.532:ERROR:process_memory_win.cc(73)] ReadMemory at 0x2522f2b7ae0 of 62 bytes failed: Only part of a ReadProcessMemory or WriteProcessMemory request was completed. (0x12B)
[0515/072036.533:ERROR:process_memory_win.cc(73)] ReadMemory at 0x2522f2b7b30 of 64 bytes failed: Only part of a ReadProcessMemory or WriteProcessMemory request was completed. (0x12B)
[0515/072036.533:ERROR:process_memory_win.cc(73)] ReadMemory at 0x2522f2b7b80 of 62 bytes failed: Only part of a ReadProcessMemory or WriteProcessMemory request was completed. (0x12B)
[0515/072036.534:ERROR:process_memory_win.cc(73)] ReadMemory at 0x2522f2b7bd0 of 56 bytes failed: Only part of a ReadProcessMemory or WriteProcessMemory request was completed. (0x12B)
[0515/072036.534:ERROR:process_memory_win.cc(73)] ReadMemory at 0x2522f2b7c20 of 60 bytes failed: Only part of a ReadProcessMemory or WriteProcessMemory request was completed. (0x12B)
[0515/072036.535:ERROR:process_memory_win.cc(73)] ReadMemory at 0x2522f2b7cc0 of 64 bytes failed: Only part of a ReadProcessMemory or WriteProcessMemory request was completed. (0x12B)
[0515/072036.535:ERROR:process_memory_win.cc(73)] ReadMemory at 0x2522f2b7d10 of 64 bytes failed: Only part of a ReadProcessMemory or WriteProcessMemory request was completed. (0x12B)
[0515/072036.535:ERROR:process_memory_win.cc(73)] ReadMemory at 0x2522f2ba1c0 of 132 bytes failed: Only part of a ReadProcessMemory or WriteProcessMemory request was completed. (0x12B)
[0515/072036.536:ERROR:process_memory_win.cc(73)] ReadMemory at 0x2522f2ba420 of 132 bytes failed: Only part of a ReadProcessMemory or WriteProcessMemory request was completed. (0x12B)
[0515/072036.536:ERROR:process_memory_win.cc(73)] ReadMemory at 0x2522f2baa10 of 132 bytes failed: Only part of a ReadProcessMemory or WriteProcessMemory request was completed. (0x12B)
[0515/072036.537:ERROR:process_memory_win.cc(73)] ReadMemory at 0x2522f2bab40 of 132 bytes failed: Only part of a ReadProcessMemory or WriteProcessMemory request was completed. (0x12B)
[0515/072036.537:ERROR:process_memory_win.cc(73)] ReadMemory at 0x2522f2bb000 of 132 bytes failed: Only part of a ReadProcessMemory or WriteProcessMemory request was completed. (0x12B)
[0515/072036.537:ERROR:process_memory_win.cc(73)] ReadMemory at 0x2522f2bb720 of 132 bytes failed: Only part of a ReadProcessMemory or WriteProcessMemory request was completed. (0x12B)
[0515/072036.537:ERROR:process_memory_win.cc(73)] ReadMemory at 0x2522f2bbcc0 of 246 bytes failed: Only part of a ReadProcessMemory or WriteProcessMemory request was completed. (0x12B)
[0515/072036.538:ERROR:process_memory_win.cc(73)] ReadMemory at 0x2522f570710 of 512 bytes failed: Only part of a ReadProcessMemory or WriteProcessMemory request was completed. (0x12B)
[0515/072036.538:ERROR:process_memory_win.cc(73)] ReadMemory at 0x2522f9207a0 of 512 bytes failed: Only part of a ReadProcessMemory or WriteProcessMemory request was completed. (0x12B)
[0515/072036.538:ERROR:process_memory_win.cc(73)] ReadMemory at 0x7ffae6d88454 of 512 bytes failed: Only part of a ReadProcessMemory or WriteProcessMemory request was completed. (0x12B)
[0515/072036.538:ERROR:process_memory_win.cc(73)] ReadMemory at 0x7ffae82df9c0 of 512 bytes failed: Only part of a ReadProcessMemory or WriteProcessMemory request was completed. (0x12B)
[0515/072036.539:ERROR:process_memory_win.cc(73)] ReadMemory at 0x7ffae8f4b5a4 of 512 bytes failed: Only part of a ReadProcessMemory or WriteProcessMemory request was completed. (0x12B)
[0515/072036.539:ERROR:process_memory_win.cc(73)] ReadMemory at 0x7ffae913a400 of 512 bytes failed: Only part of a ReadProcessMemory or WriteProcessMemory request was completed. (0x12B)
[0515/072036.539:ERROR:process_memory_win.cc(73)] ReadMemory at 0x7ffb090ee6ee of 512 bytes failed: Only part of a ReadProcessMemory or WriteProcessMemory request was completed. (0x12B)
[0515/072036.539:ERROR:process_memory_win.cc(73)] ReadMemory at 0x7ffb090ef888 of 512 bytes failed: Only part of a ReadProcessMemory or WriteProcessMemory request was completed. (0x12B)
[0515/072036.539:ERROR:process_memory_win.cc(73)] ReadMemory at 0x7ffb26a2f674 of 512 bytes failed: Only part of a ReadProcessMemory or WriteProcessMemory request was completed. (0x12B)
[0515/072036.540:ERROR:process_memory_win.cc(73)] ReadMemory at 0x7ffb26abc0c8 of 18 bytes failed: Only part of a ReadProcessMemory or WriteProcessMemory request was completed. (0x12B)
[0515/072036.540:ERROR:process_memory_win.cc(73)] ReadMemory at 0x7ffb26aef4f8 of 40 bytes failed: Only part of a ReadProcessMemory or WriteProcessMemory request was completed. (0x12B)
[0515/072036.540:ERROR:process_memory_win.cc(73)] ReadMemory at 0x7ffb26aef978 of 48 bytes failed: Only part of a ReadProcessMemory or WriteProcessMemory request was completed. (0x12B)
[0515/072036.540:ERROR:process_memory_win.cc(73)] ReadMemory at 0x7ffb26af53a0 of 64 bytes failed: Only part of a ReadProcessMemory or WriteProcessMemory request was completed. (0x12B)
[0515/072036.924:ERROR:scoped_process_suspend.cc(40)] NtResumeProcess: An attempt was made to access an exiting process. (0xc000010a)
[0708/015047.466:ERROR:crash_report_database_win.cc(469)] failed to stat report
[0708/015047.482:ERROR:crash_report_database_win.cc(469)] failed to stat report
[0708/015047.482:ERROR:crash_report_database_win.cc(469)] failed to stat report
[0708/015047.482:ERROR:crash_report_database_win.cc(469)] failed to stat report
[0708/015047.482:ERROR:crash_report_database_win.cc(469)] failed to stat report
[0708/015047.482:ERROR:crash_report_database_win.cc(469)] failed to stat report
[0708/015047.482:ERROR:crash_report_database_win.cc(469)] failed to stat report
[0708/015047.482:ERROR:crash_report_database_win.cc(469)] failed to stat report
[0708/015047.482:ERROR:crash_report_database_win.cc(469)] failed to stat report
[0709/050026.497:ERROR:crash_report_database_win.cc(469)] failed to stat report
[0709/050026.512:ERROR:crash_report_database_win.cc(469)] failed to stat report
[0709/050026.512:ERROR:crash_report_database_win.cc(469)] failed to stat report
[0709/050026.528:ERROR:crash_report_database_win.cc(469)] failed to stat report
[0709/050026.528:ERROR:crash_report_database_win.cc(469)] failed to stat report
[0709/050026.528:ERROR:crash_report_database_win.cc(469)] failed to stat report
[0709/050026.528:ERROR:crash_report_database_win.cc(469)] failed to stat report
[0709/050026.528:ERROR:crash_report_database_win.cc(469)] failed to stat report
[0709/050026.528:ERROR:crash_report_database_win.cc(469)] failed to stat report
[0719/003942.800:ERROR:crash_report_database_win.cc(469)] failed to stat report
[0719/003942.925:ERROR:crash_report_database_win.cc(469)] failed to stat report
[0719/003942.925:ERROR:crash_report_database_win.cc(469)] failed to stat report
[0719/003942.925:ERROR:crash_report_database_win.cc(469)] failed to stat report
[0719/003942.925:ERROR:crash_report_database_win.cc(469)] failed to stat report
[0719/003942.925:ERROR:crash_report_database_win.cc(469)] failed to stat report
[0719/003942.925:ERROR:crash_report_database_win.cc(469)] failed to stat report
[0719/003942.925:ERROR:crash_report_database_win.cc(469)] failed to stat report
[0719/003942.925:ERROR:crash_report_database_win.cc(469)] failed to stat report
[0719/004944.676:ERROR:crash_report_database_win.cc(469)] failed to stat report
[0719/004944.835:ERROR:crash_report_database_win.cc(469)] failed to stat report
[0719/004944.836:ERROR:crash_report_database_win.cc(469)] failed to stat report
[0719/004944.836:ERROR:crash_report_database_win.cc(469)] failed to stat report
[0719/004944.836:ERROR:crash_report_database_win.cc(469)] failed to stat report
[0719/004944.836:ERROR:crash_report_database_win.cc(469)] failed to stat report
[0719/004944.836:ERROR:crash_report_database_win.cc(469)] failed to stat report
[0719/004944.837:ERROR:crash_report_database_win.cc(469)] failed to stat report
[0719/004944.837:ERROR:crash_report_database_win.cc(469)] failed to stat report
[0719/004945.407:ERROR:crash_report_database_win.cc(469)] failed to stat report
[0719/004945.407:ERROR:crash_report_database_win.cc(469)] failed to stat report
[0719/004945.407:ERROR:crash_report_database_win.cc(469)] failed to stat report
[0719/004945.407:ERROR:crash_report_database_win.cc(469)] failed to stat report
[0719/004945.407:ERROR:crash_report_database_win.cc(469)] failed to stat report
[0719/004945.408:ERROR:crash_report_database_win.cc(469)] failed to stat report
[0719/004945.408:ERROR:crash_report_database_win.cc(469)] failed to stat report
[0719/004945.408:ERROR:crash_report_database_win.cc(469)] failed to stat report
[0719/004945.408:ERROR:crash_report_database_win.cc(469)] failed to stat report
[0729/122525.867:ERROR:crash_report_database_win.cc(469)] failed to stat report
[0729/122526.007:ERROR:crash_report_database_win.cc(469)] failed to stat report
[0729/122526.007:ERROR:crash_report_database_win.cc(469)] failed to stat report
[0729/122526.007:ERROR:crash_report_database_win.cc(469)] failed to stat report
[0729/122526.007:ERROR:crash_report_database_win.cc(469)] failed to stat report
[0729/122526.007:ERROR:crash_report_database_win.cc(469)] failed to stat report
[0729/122526.007:ERROR:crash_report_database_win.cc(469)] failed to stat report
[0729/122526.007:ERROR:crash_report_database_win.cc(469)] failed to stat report
[0729/122526.007:ERROR:crash_report_database_win.cc(469)] failed to stat report
[0729/122527.007:ERROR:crash_report_database_win.cc(469)] failed to stat report
[0729/122527.013:ERROR:crash_report_database_win.cc(469)] failed to stat report
[0729/122527.013:ERROR:crash_report_database_win.cc(469)] failed to stat report
[0729/122527.013:ERROR:crash_report_database_win.cc(469)] failed to stat report
[0729/122527.013:ERROR:crash_report_database_win.cc(469)] failed to stat report
[0729/122527.017:ERROR:crash_report_database_win.cc(469)] failed to stat report
[0729/122527.017:ERROR:crash_report_database_win.cc(469)] failed to stat report
[0729/122527.017:ERROR:crash_report_database_win.cc(469)] failed to stat report
[0729/122527.017:ERROR:crash_report_database_win.cc(469)] failed to stat report
[0729/123526.346:ERROR:crash_report_database_win.cc(469)] failed to stat report
[0729/123526.361:ERROR:crash_report_database_win.cc(469)] failed to stat report
[0729/123526.361:ERROR:crash_report_database_win.cc(469)] failed to stat report
[0729/123526.361:ERROR:crash_report_database_win.cc(469)] failed to stat report
[0729/123526.361:ERROR:crash_report_database_win.cc(469)] failed to stat report
[0729/123526.361:ERROR:crash_report_database_win.cc(469)] failed to stat report
[0729/123526.361:ERROR:crash_report_database_win.cc(469)] failed to stat report
[0729/123526.361:ERROR:crash_report_database_win.cc(469)] failed to stat report
[0729/123526.361:ERROR:crash_report_database_win.cc(469)] failed to stat report
[0729/123526.496:ERROR:crash_report_database_win.cc(469)] failed to stat report
[0729/123526.496:ERROR:crash_report_database_win.cc(469)] failed to stat report
[0729/123526.496:ERROR:crash_report_database_win.cc(469)] failed to stat report
[0729/123526.496:ERROR:crash_report_database_win.cc(469)] failed to stat report
[0729/123526.496:ERROR:crash_report_database_win.cc(469)] failed to stat report
[0729/123526.496:ERROR:crash_report_database_win.cc(469)] failed to stat report
[0729/123526.496:ERROR:crash_report_database_win.cc(469)] failed to stat report
[0729/123526.503:ERROR:crash_report_database_win.cc(469)] failed to stat report
[0729/123526.503:ERROR:crash_report_database_win.cc(469)] failed to stat report
[0920/135023.369:ERROR:crash_report_database_win.cc(469)] failed to stat report
[0920/135023.407:ERROR:crash_report_database_win.cc(469)] failed to stat report
[0920/135023.407:ERROR:crash_report_database_win.cc(469)] failed to stat report
[0920/135023.408:ERROR:crash_report_database_win.cc(469)] failed to stat report
[0920/135023.408:ERROR:crash_report_database_win.cc(469)] failed to stat report
[0920/135023.408:ERROR:crash_report_database_win.cc(469)] failed to stat report
[0920/135023.408:ERROR:crash_report_database_win.cc(469)] failed to stat report
[0920/135023.408:ERROR:crash_report_database_win.cc(469)] failed to stat report
[0920/135023.408:ERROR:crash_report_database_win.cc(469)] failed to stat report
[0920/140023.631:ERROR:crash_report_database_win.cc(469)] failed to stat report
[0920/140023.685:ERROR:crash_report_database_win.cc(469)] failed to stat report
[0920/140023.685:ERROR:crash_report_database_win.cc(469)] failed to stat report
[0920/140023.686:ERROR:crash_report_database_win.cc(469)] failed to stat report
[0920/140023.686:ERROR:crash_report_database_win.cc(469)] failed to stat report
[0920/140023.686:ERROR:crash_report_database_win.cc(469)] failed to stat report
[0920/140023.687:ERROR:crash_report_database_win.cc(469)] failed to stat report
[0920/140023.716:ERROR:crash_report_database_win.cc(469)] failed to stat report
[0920/140023.717:ERROR:crash_report_database_win.cc(469)] failed to stat report
[0920/140023.835:ERROR:crash_report_database_win.cc(469)] failed to stat report
[0920/140023.836:ERROR:crash_report_database_win.cc(469)] failed to stat report
[0920/140023.836:ERROR:crash_report_database_win.cc(469)] failed to stat report
[0920/140023.836:ERROR:crash_report_database_win.cc(469)] failed to stat report
[0920/140023.836:ERROR:crash_report_database_win.cc(469)] failed to stat report
[0920/140023.836:ERROR:crash_report_database_win.cc(469)] failed to stat report
[0920/140023.836:ERROR:crash_report_database_win.cc(469)] failed to stat report
[0920/140023.837:ERROR:crash_report_database_win.cc(469)] failed to stat report
[0920/140023.837:ERROR:crash_report_database_win.cc(469)] failed to stat report
[0920/140524.497:ERROR:crash_report_database_win.cc(469)] failed to stat report
[0920/140524.497:ERROR:crash_report_database_win.cc(469)] failed to stat report
[0920/140524.498:ERROR:crash_report_database_win.cc(469)] failed to stat report
[0920/140524.498:ERROR:crash_report_database_win.cc(469)] failed to stat report
[0920/140524.498:ERROR:crash_report_database_win.cc(469)] failed to stat report
[0920/140524.498:ERROR:crash_report_database_win.cc(469)] failed to stat report
[0920/140524.498:ERROR:crash_report_database_win.cc(469)] failed to stat report
[0920/140524.499:ERROR:crash_report_database_win.cc(469)] failed to stat report
[0920/140524.499:ERROR:crash_report_database_win.cc(469)] failed to stat report
